Added Component: Designator=C2_2(Header2)
Add component (AddParameter): Name = "ComponentLink1 Description"; Value = "Manufacturer"; VariantName = "[No Variations]"
Add component (AddParameter): Name = "ComponentLink1URL"; Value = "http://www.we-online.com"; VariantName = "[No Variations]"
Add component (AddParameter): Name = "ComponentLink2 Description"; Value = "Datasheet"; VariantName = "[No Variations]"
Add component (AddParameter): Name = "ComponentLink2URL"; Value = "http://katalog.we-online.de/em/datasheet/6130xx143121.pdf"; VariantName = "[No Variations]"
Add component (AddParameter): Name = "Created by"; Value = "Karrer Zheng"; VariantName = "[No Variations]"
Add component (AddParameter): Name = "Created Date"; Value = "29 March 2013"; VariantName = "[No Variations]"
Add component (AddParameter): Name = "Manufacturer"; Value = "W¨¹rth Elektronik eiSos GmbH"; VariantName = "[No Variations]"
Add component (AddParameter): Name = "NoPins"; Value = "02"; VariantName = "[No Variations]"
Add component (AddParameter): Name = "partNo"; Value = "613002143121"; VariantName = "[No Variations]"
Added Component: Designator=C3_2(Header2)
Add component (AddParameter): Name = "ComponentLink1 Description"; Value = "Manufacturer"; VariantName = "[No Variations]"
Add component (AddParameter): Name = "ComponentLink1URL"; Value = "http://www.we-online.com"; VariantName = "[No Variations]"
Add component (AddParameter): Name = "ComponentLink2 Description"; Value = "Datasheet"; VariantName = "[No Variations]"
Add component (AddParameter): Name = "ComponentLink2URL"; Value = "http://katalog.we-online.de/em/datasheet/6130xx143121.pdf"; VariantName = "[No Variations]"
Add component (AddParameter): Name = "Created by"; Value = "Karrer Zheng"; VariantName = "[No Variations]"
Add component (AddParameter): Name = "Created Date"; Value = "29 March 2013"; VariantName = "[No Variations]"
Add component (AddParameter): Name = "Manufacturer"; Value = "W¨¹rth Elektronik eiSos GmbH"; VariantName = "[No Variations]"
Add component (AddParameter): Name = "NoPins"; Value = "02"; VariantName = "[No Variations]"
Add component (AddParameter): Name = "partNo"; Value = "613002143121"; VariantName = "[No Variations]"
Added Component: Designator=Cx1_1(CN-SMD-0805)
Add component (AddParameter): Name = "Value"; Value = "33pF"; VariantName = "[No Variations]"
Added Component: Designator=Cx1_2(CN-SMD-0805)
Add component (AddParameter): Name = "Value"; Value = "33pF"; VariantName = "[No Variations]"
Added Component: Designator=Cx2_2(CN-SMD-0805)
Add component (AddParameter): Name = "Value"; Value = "33pF"; VariantName = "[No Variations]"
Added Component: Designator=D1_2(DIO-1A-SMALL)
Add component (AddParameter): Name = "Code - JEDEC"; Value = "DO-214-AB"; VariantName = "[No Variations]"
Add component (AddParameter): Name = "Published"; Value = "8-Jun-2000"; VariantName = "[No Variations]"
Add component (AddParameter): Name = "Publisher"; Value = "Altium Limited"; VariantName = "[No Variations]"
Add component (AddParameter): Name = "Revision"; Value = "July-2002: Re-released for DXP Platform."; VariantName = "[No Variations]"
Add component (AddParameter): Name = "Value"; Value = "1N5007"; VariantName = "[No Variations]"
Added Component: Designator=JDC(DC0)
Add component (AddParameter): Name = "Value"; Value = "Jac DC"; VariantName = "[No Variations]"
Added Component: Designator=LED1_2(LED-GREEN-0805)
Add component (AddParameter): Name = "Value"; Value = "LED 3 - 5 ly 2 Colour"; VariantName = "[No Variations]"
Added Component: Designator=LED1_6(LED-3MM-GREEN)
Add component (AddParameter): Name = "Value"; Value = "LED 3 ly Single Colour"; VariantName = "[No Variations]"
Added Component: Designator=LED2_2(LED-3MM-RED)
Add component (AddParameter): Name = "Value"; Value = "LED 3 ly Single Colour"; VariantName = "[No Variations]"
Added Component: Designator=R1_1(RES-SMD-0805)
Add component (AddParameter): Name = "Class"; Value = "Passive"; VariantName = "[No Variations]"
Add component (AddParameter): Name = "Manufacturer"; Value = "Generic Components"; VariantName = "[No Variations]"
Add component (AddParameter): Name = "Published"; Value = "08/06/2000"; VariantName = "[No Variations]"
Add component (AddParameter): Name = "Publisher"; Value = "Altium Hobart Technology Centre"; VariantName = "[No Variations]"
Added Component: Designator=R1_2(RES-SMD-0805)
Add component (AddParameter): Name = "Class"; Value = "Passive"; VariantName = "[No Variations]"
Add component (AddParameter): Name = "Manufacturer"; Value = "Generic Components"; VariantName = "[No Variations]"
Add component (AddParameter): Name = "Published"; Value = "08/06/2000"; VariantName = "[No Variations]"
Add component (AddParameter): Name = "Publisher"; Value = "Altium Hobart Technology Centre"; VariantName = "[No Variations]"
Added Component: Designator=R1_6(RES-SMD-0805)
Add component (AddParameter): Name = "Class"; Value = "Passive"; VariantName = "[No Variations]"
Add component (AddParameter): Name = "Manufacturer"; Value = "Generic Components"; VariantName = "[No Variations]"
Add component (AddParameter): Name = "Published"; Value = "08/06/2000"; VariantName = "[No Variations]"
Add component (AddParameter): Name = "Publisher"; Value = "Altium Hobart Technology Centre"; VariantName = "[No Variations]"
Added Component: Designator=R2_2(RES-SMD-0805)
Add component (AddParameter): Name = "Class"; Value = "Passive"; VariantName = "[No Variations]"
Add component (AddParameter): Name = "Manufacturer"; Value = "Generic Components"; VariantName = "[No Variations]"
Add component (AddParameter): Name = "Published"; Value = "08/06/2000"; VariantName = "[No Variations]"
Add component (AddParameter): Name = "Publisher"; Value = "Altium Hobart Technology Centre"; VariantName = "[No Variations]"
Added Component: Designator=R3_2(RES-SMD-0805)
Add component (AddParameter): Name = "Class"; Value = "Passive"; VariantName = "[No Variations]"
Add component (AddParameter): Name = "Manufacturer"; Value = "Generic Components"; VariantName = "[No Variations]"
Add component (AddParameter): Name = "Published"; Value = "08/06/2000"; VariantName = "[No Variations]"
Add component (AddParameter): Name = "Publisher"; Value = "Altium Hobart Technology Centre"; VariantName = "[No Variations]"
Added Component: Designator=R4_2(RES-SMD-0805)
Add component (AddParameter): Name = "Class"; Value = "Passive"; VariantName = "[No Variations]"
Add component (AddParameter): Name = "Manufacturer"; Value = "Generic Components"; VariantName = "[No Variations]"
Add component (AddParameter): Name = "Published"; Value = "08/06/2000"; VariantName = "[No Variations]"
Add component (AddParameter): Name = "Publisher"; Value = "Altium Hobart Technology Centre"; VariantName = "[No Variations]"
Added Component: Designator=R5_2(RES-1/4W)
Add component (AddParameter): Name = "Class"; Value = "Passive"; VariantName = "[No Variations]"
Add component (AddParameter): Name = "Manufacturer"; Value = "Generic Components"; VariantName = "[No Variations]"
Add component (AddParameter): Name = "Published"; Value = "08/06/2000"; VariantName = "[No Variations]"
Add component (AddParameter): Name = "Publisher"; Value = "Altium Hobart Technology Centre"; VariantName = "[No Variations]"
Add component (AddParameter): Name = "SubClass"; Value = "R"; VariantName = "[No Variations]"
Added Component: Designator=R6_2(RES-1/8W)
Add component (AddParameter): Name = "Class"; Value = "Passive"; VariantName = "[No Variations]"
Add component (AddParameter): Name = "Manufacturer"; Value = "Generic Components"; VariantName = "[No Variations]"
Add component (AddParameter): Name = "Published"; Value = "08/06/2000"; VariantName = "[No Variations]"
Add component (AddParameter): Name = "Publisher"; Value = "Altium Hobart Technology Centre"; VariantName = "[No Variations]"
Add component (AddParameter): Name = "SubClass"; Value = "R"; VariantName = "[No Variations]"
Added Component: Designator=SW1_1(SW1-DIP)
Add component (AddParameter): Name = "Value"; Value = "SW chip 2 pin"; VariantName = "[No Variations]"
Added Component: Designator=U1_2(SOT223)
Add component (AddParameter): Name = "Creator"; Value = "Nguyen Ba Bien"; VariantName = "[No Variations]"
Add component (AddParameter): Name = "Website"; Value = "http://group3i.net"; VariantName = "[No Variations]"
Added Component: Designator=U2_2(DIP4)
Add component (AddParameter): Name = "Value"; Value = "PC817"; VariantName = "[No Variations]"
Added Pin To Net: NetName=+3.3VDC Pin=Cx2_2-2
Added Pin To Net: NetName=+3.3VDC Pin=R1_1-1
Added Pin To Net: NetName=+3.3VDC Pin=R2_2-2
Added Pin To Net: NetName=+3.3VDC Pin=U1_2-2
Added Net: Name=+3.3VDC
Added Pin To Net: NetName=+5VDC Pin=C2_2-1
Added Pin To Net: NetName=+5VDC Pin=Cx1_2-2
Added Pin To Net: NetName=+5VDC Pin=R1_2-1
Added Pin To Net: NetName=+5VDC Pin=R3_2-2
Added Pin To Net: NetName=+5VDC Pin=U1_2-3
Added Net: Name=+5VDC
Added Pin To Net: NetName=+5V Pin=R1_6-2
Added Net: Name=+5V
Added Pin To Net: NetName=3v3 Pin=R5_2-1
Added Net: Name=3v3
Added Pin To Net: NetName=DCIN_12V Pin=C3_2-1
Added Pin To Net: NetName=DCIN_12V Pin=D1_2-1
Added Pin To Net: NetName=DCIN_12V Pin=JDC-1
Added Net: Name=DCIN_12V
Added Pin To Net: NetName=DCIN_GND Pin=C3_2-2
Added Pin To Net: NetName=DCIN_GND Pin=JDC-2
Added Pin To Net: NetName=DCIN_GND Pin=JDC-3
Added Net: Name=DCIN_GND
Added Pin To Net: NetName=ESP_RST Pin=Cx1_1-2
Added Pin To Net: NetName=ESP_RST Pin=R1_1-2
Added Pin To Net: NetName=ESP_RST Pin=SW1_1-2
Added Net: Name=ESP_RST
Added Pin To Net: NetName=GND_POWER Pin=U2_2-2
Added Net: Name=GND_POWER
Added Pin To Net: NetName=GND Pin=C2_2-2
Added Pin To Net: NetName=GND Pin=Cx1_1-1
Added Pin To Net: NetName=GND Pin=Cx1_2-1
Added Pin To Net: NetName=GND Pin=Cx2_2-1
Added Pin To Net: NetName=GND Pin=LED1_2-2
Added Pin To Net: NetName=GND Pin=LED2_2-2
Added Pin To Net: NetName=GND Pin=R4_2-2
Added Pin To Net: NetName=GND Pin=SW1_1-1
Added Pin To Net: NetName=GND Pin=U1_2-1
Added Pin To Net: NetName=GND Pin=U2_2-3
Added Net: Name=GND
Added Pin To Net: NetName=NetD1_2_2 Pin=D1_2-2
Added Pin To Net: NetName=NetD1_2_2 Pin=R6_2-2
Added Net: Name=NetD1_2_2
Added Net: Name=NetESP1_1_3
Added Net: Name=NetESP1_1_4
Added Net: Name=NetESP1_1_6
Added Net: Name=NetESP1_1_7
Added Net: Name=NetESP1_1_11
Added Net: Name=NetESP1_1_14
Added Pin To Net: NetName=NetESP1_1_20 Pin=R1_2-2
Added Pin To Net: NetName=NetESP1_1_20 Pin=R4_2-1
Added Net: Name=NetESP1_1_20
Added Pin To Net: NetName=NetESP1_1_26 Pin=LED1_6-2
Added Net: Name=NetESP1_1_26
Added Pin To Net: NetName=NetLED1_2_1 Pin=LED1_2-1
Added Pin To Net: NetName=NetLED1_2_1 Pin=R2_2-1
Added Net: Name=NetLED1_2_1
Added Pin To Net: NetName=NetLED1_6_1 Pin=LED1_6-1
Added Pin To Net: NetName=NetLED1_6_1 Pin=R1_6-1
Added Net: Name=NetLED1_6_1
Added Pin To Net: NetName=NetLED2_2_1 Pin=LED2_2-1
Added Pin To Net: NetName=NetLED2_2_1 Pin=R3_2-1
Added Net: Name=NetLED2_2_1
Added Pin To Net: NetName=NetR5_2_2 Pin=R5_2-2
Added Pin To Net: NetName=NetR5_2_2 Pin=U2_2-4
Added Net: Name=NetR5_2_2
Added Pin To Net: NetName=NetR6_2_1 Pin=R6_2-1
Added Pin To Net: NetName=NetR6_2_1 Pin=U2_2-1
Added Net: Name=NetR6_2_1
Added Class: Name=Designator
Added Room: Name=Designator
Added Room: Name=Designator
Added Room: Name=Designator
